🩺 The doctor is checking the health of your Storybook..
╭ Incompatible packages found ────────────────────────────────────────────────────────────────────────╮
│                                                                                                     │
│   You are currently using Storybook 9.0.5 but you have packages which are incompatible with it:     │
│   - @storybook/addon-cssresources@6.2.9 which depends on 6.2.9                                      │
│    Repo: https://storybook.js.org                                                                   │
│   - @storybook/addon-mdx-gfm@8.6.14 which depends on ^8.6.14                                        │
│    Repo: https://github.com/storybookjs/storybook/tree/next/code/addons/gfm                         │
│   - @web/dev-server-storybook@2.0.3 which depends on ^6.4.9                                         │
│    Repo: https://github.com/modernweb-dev/web/tree/master/packages/dev-server-storybook             │
│   - storybook-readme@5.0.9 which depends on ^5.0.6                                                  │
│    Repo: https://github.com/tuchk4/storybook-readme                                                 │
│                                                                                                     │
│                                                                                                     │
│   Please consider updating your packages or contacting the maintainers for compatibility details.   │
│   For more on Storybook 9 compatibility, see the linked GitHub issue:                               │
│   https://github.com/storybookjs/storybook/issues/30944                                             │
│                                                                                                     │
╰─────────────────────────────────────────────────────────────────────────────────────────────────────╯

You can always recheck the health of your project by running:
npx storybook doctor

Full logs are available in /Users/quincarter/Documents/Dev/component-library-starter/doctor-storybook.log

